[2023-05-29T10:55:39.657947+00:00] debug.DEBUG: Iniciando classe [] []
[2023-05-29T10:55:39.661088+00:00] debug.DEBUG: Iniciando classe [] []
[2023-05-29T10:57:11.737182+00:00] debug.DEBUG: Iniciando classe [] []
[2023-05-29T10:57:11.737733+00:00] debug.DEBUG: Chamada do método getPostagemById [] []
[2023-05-29T10:57:11.738370+00:00] debug.DEBUG: Resposta do método getPostagemById{"postagem":{"id":1,"titulo":"T\u00edtulo da Postagem","texto":"Texto da Postagem","dataPostagem":"2023-05-28 10:00:00","usuarioId":1,"usuario":{"id":1,"nome":"Nome do Usu\u00e1rio","email":"usuario@example.com"}}} [] []
[2023-05-29T10:57:11.740340+00:00] debug.DEBUG: Iniciando classe [] []
[2023-05-29T10:58:58.485203+00:00] debug.DEBUG: Chamada do método getPostagemById [] []
[2023-05-29T10:58:58.486402+00:00] debug.DEBUG: Resposta do método getPostagemById{"postagem":{"id":1,"titulo":"T\u00edtulo da Postagem","texto":"Texto da Postagem","dataPostagem":"2023-05-28 10:00:00","usuarioId":1,"usuario":{"id":1,"nome":"Nome do Usu\u00e1rio","email":"usuario@example.com"}}} [] []
[2023-05-29T10:59:29.356783+00:00] debug.DEBUG: Chamada do método getPostagemById [] []
[2023-05-29T10:59:29.358869+00:00] debug.DEBUG: Resposta do método getPostagemById{"postagem":{"id":1,"titulo":"T\u00edtulo da Postagem","texto":"Texto da Postagem","dataPostagem":"2023-05-28 10:00:00","usuarioId":1,"usuario":{"id":1,"nome":"Nome do Usu\u00e1rio","email":"usuario@example.com"}}} [] []
[2023-05-29T11:00:12.417126+00:00] debug.DEBUG: Chamada do método getPostagemById [] []
[2023-05-29T11:00:12.418431+00:00] debug.DEBUG: Resposta do método getPostagemById{"postagem":{"id":1,"titulo":"T\u00edtulo da Postagem","texto":"Texto da Postagem","dataPostagem":"2023-05-28 10:00:00","usuarioId":1,"usuario":{"id":1,"nome":"Nome do Usu\u00e1rio","email":"usuario@example.com"}}} [] []
[2023-05-29T11:00:13.862888+00:00] debug.DEBUG: Chamada do método getPostagemById [] []
[2023-05-29T11:00:13.864368+00:00] debug.DEBUG: Resposta do método getPostagemById{"postagem":{"id":1,"titulo":"T\u00edtulo da Postagem","texto":"Texto da Postagem","dataPostagem":"2023-05-28 10:00:00","usuarioId":1,"usuario":{"id":1,"nome":"Nome do Usu\u00e1rio","email":"usuario@example.com"}}} [] []
[2023-05-29T11:00:14.568103+00:00] debug.DEBUG: Chamada do método getPostagemById [] []
[2023-05-29T11:00:14.569378+00:00] debug.DEBUG: Resposta do método getPostagemById{"postagem":{"id":1,"titulo":"T\u00edtulo da Postagem","texto":"Texto da Postagem","dataPostagem":"2023-05-28 10:00:00","usuarioId":1,"usuario":{"id":1,"nome":"Nome do Usu\u00e1rio","email":"usuario@example.com"}}} [] []
[2023-05-29T11:00:31.115579+00:00] debug.DEBUG: Chamada do método getPostagemById [] []
[2023-05-29T11:00:31.116840+00:00] debug.DEBUG: Resposta do método getPostagemById{"id":1,"titulo":"T\u00edtulo da Postagem","texto":"Texto da Postagem","dataPostagem":"2023-05-28 10:00:00","usuarioId":1,"usuario":{"id":1,"nome":"Nome do Usu\u00e1rio","email":"usuario@example.com"}} [] []
[2023-05-29T11:01:05.547118+00:00] debug.DEBUG: Chamada do método getPostagemById [] []
[2023-05-29T11:01:05.548322+00:00] debug.DEBUG: Resposta do método getPostagemById{"id":1,"titulo":"T\u00edtulo da Postagem","texto":"Texto da Postagem","dataPostagem":"2023-05-28 10:00:00","usuarioId":1,"usuario":{"id":1,"nome":"Nome do Usu\u00e1rio","email":"usuario@example.com"}} [] []
[2023-05-29T11:01:06.939495+00:00] debug.DEBUG: Chamada do método getPostagemById [] []
[2023-05-29T11:01:06.940744+00:00] debug.DEBUG: Resposta do método getPostagemById{"id":1,"titulo":"T\u00edtulo da Postagem","texto":"Texto da Postagem","dataPostagem":"2023-05-28 10:00:00","usuarioId":1,"usuario":{"id":1,"nome":"Nome do Usu\u00e1rio","email":"usuario@example.com"}} [] []
[2023-05-29T11:01:14.257333+00:00] debug.DEBUG: Chamada do método getPostagemById [] []
[2023-05-29T11:01:14.258599+00:00] debug.DEBUG: Resposta do método getPostagemById{"id":1,"titulo":"T\u00edtulo da Postagem","texto":"Texto da Postagem","dataPostagem":"2023-05-28 10:00:00","usuarioId":1,"usuario":{"id":1,"nome":"Nome do Usu\u00e1rio","email":"usuario@example.com"}} [] []
[2023-05-29T11:01:56.637708+00:00] debug.DEBUG: Chamada do método getPostagemById [] []
[2023-05-29T11:01:56.638941+00:00] debug.DEBUG: Resposta do método getPostagemById **** {"id":1,"titulo":"T\u00edtulo da Postagem","texto":"Texto da Postagem","dataPostagem":"2023-05-28 10:00:00","usuarioId":1,"usuario":{"id":1,"nome":"Nome do Usu\u00e1rio","email":"usuario@example.com"}} [] []
[2023-05-29T11:04:28.250011+00:00] debug.DEBUG: Chamada do método getPostagemById [] []
[2023-05-29T11:04:28.251265+00:00] debug.DEBUG: Resposta do método getPostagemById **** {"id":1,"titulo":"T\u00edtulo da Postagem","texto":"Texto da Postagem","dataPostagem":"2023-05-28 10:00:00","usuarioId":1,"usuario":{"id":1,"nome":"Nome do Usu\u00e1rio","email":"usuario@example.com"}} [] []
[2023-05-29T11:05:10.345243+00:00] debug.DEBUG: Chamada do método getPostagemById [] []
[2023-05-29T11:05:10.346379+00:00] debug.DEBUG: Resposta do método getPostagemById **** {"id":1,"titulo":"T\u00edtulo da Postagem","texto":"Texto da Postagem","dataPostagem":"2023-05-28 10:00:00","usuarioId":1,"usuario":{"id":1,"nome":"Nome do Usu\u00e1rio","email":"usuario@example.com"}} [] []
[2023-05-29T11:06:15.583437+00:00] debug.DEBUG: Chamada do método getPostagemById [] []
[2023-05-29T11:06:15.584591+00:00] debug.DEBUG: Resposta do método getPostagemById **** {"id":1,"titulo":"T\u00edtulo da Postagem","texto":"Texto da Postagem","dataPostagem":"2023-05-28 10:00:00","usuarioId":1,"usuario":{"id":1,"nome":"Nome do Usu\u00e1rio","email":"usuario@example.com"}} [] []
[2023-05-29T11:07:10.031938+00:00] debug.DEBUG: Chamada do método getPostagemById [] []
[2023-05-29T11:07:10.033210+00:00] debug.DEBUG: Resposta do método getPostagemById{"postagem":{"id":1,"titulo":"T\u00edtulo da Postagem","texto":"Texto da Postagem","dataPostagem":"2023-05-28 10:00:00","usuarioId":1,"usuario":{"id":1,"nome":"Nome do Usu\u00e1rio","email":"usuario@example.com"}}} [] []
